<?xml version="1.0" encoding="UTF-8"?>
<testng-results ignored="0" total="2" passed="2" failed="0" skipped="0">
  <reporter-output>
  </reporter-output>
  <suite started-at="2019-01-08T07:42:12Z" name="Default suite" finished-at="2019-01-08T07:42:12Z" duration-ms="39">
    <groups>
    </groups>
    <test started-at="2019-01-08T07:42:12Z" name="Default test" finished-at="2019-01-08T07:42:12Z" duration-ms="39">
      <class name="AccessModifier.TestNG">
        <test-method signature="athod2()[pri:0, instance:AccessModifier.TestNG@7770f470]" started-at="2019-01-08T07:42:12Z" name="athod2" finished-at="2019-01-08T07:42:12Z" duration-ms="9" status="PASS">
          <reporter-output>
          </reporter-output>
        </test-method> <!-- athod2 -->
        <test-method signature="aahod1()[pri:0, instance:AccessModifier.TestNG@7770f470]" started-at="2019-01-08T07:42:12Z" name="aahod1" finished-at="2019-01-08T07:42:12Z" depends-on-methods="AccessModifier.TestNG.athod2" duration-ms="1" status="PASS">
          <reporter-output>
          </reporter-output>
        </test-method> <!-- aahod1 -->
      </class> <!-- AccessModifier.TestNG -->
    </test> <!-- Default test -->
  </suite> <!-- Default suite -->
</testng-results>
