<?xml version="1.0" encoding="UTF-8"?>
<testng-results total="2" passed="2" failed="0" skipped="0">
  <reporter-output>
  </reporter-output>
  <suite started-at="2019-02-05T12:29:44Z" name="Default suite" finished-at="2019-02-05T12:29:44Z" duration-ms="37">
    <groups>
    </groups>
    <test started-at="2019-02-05T12:29:44Z" name="Default test" finished-at="2019-02-05T12:29:44Z" duration-ms="37">
      <class name="AccessModifier.TestNG">
        <test-method is-config="true" signature="beforeSuite()[pri:0, instance:AccessModifier.TestNG@489115ef]" started-at="2019-02-05T17:59:44Z" name="beforeSuite" finished-at="2019-02-05T17:59:44Z" duration-ms="13" status="PASS">
          <reporter-output>
          </reporter-output>
        </test-method> <!-- beforeSuite -->
        <test-method is-config="true" signature="beforeTest()[pri:0, instance:AccessModifier.TestNG@489115ef]" started-at="2019-02-05T17:59:44Z" name="beforeTest" finished-at="2019-02-05T17:59:44Z" duration-ms="1" status="PASS">
          <reporter-output>
          </reporter-output>
        </test-method> <!-- beforeTest -->
        <test-method is-config="true" signature="beforeClass()[pri:0, instance:AccessModifier.TestNG@489115ef]" started-at="2019-02-05T17:59:44Z" name="beforeClass" finished-at="2019-02-05T17:59:44Z" duration-ms="0" status="PASS">
          <reporter-output>
          </reporter-output>
        </test-method> <!-- beforeClass -->
        <test-method is-config="true" signature="beforeMethod()[pri:0, instance:AccessModifier.TestNG@489115ef]" started-at="2019-02-05T17:59:44Z" name="beforeMethod" finished-at="2019-02-05T17:59:44Z" duration-ms="1" status="PASS">
          <reporter-output>
          </reporter-output>
        </test-method> <!-- beforeMethod -->
        <test-method signature="testCase1()[pri:0, instance:AccessModifier.TestNG@489115ef]" started-at="2019-02-05T17:59:44Z" name="testCase1" finished-at="2019-02-05T17:59:44Z" duration-ms="6" status="PASS">
          <reporter-output>
          </reporter-output>
        </test-method> <!-- testCase1 -->
        <test-method is-config="true" signature="afterMethod()[pri:0, instance:AccessModifier.TestNG@489115ef]" started-at="2019-02-05T17:59:44Z" name="afterMethod" finished-at="2019-02-05T17:59:44Z" duration-ms="4" status="PASS">
          <reporter-output>
          </reporter-output>
        </test-method> <!-- afterMethod -->
        <test-method signature="testCase2()[pri:0, instance:AccessModifier.TestNG@489115ef]" started-at="2019-02-05T17:59:44Z" name="testCase2" finished-at="2019-02-05T17:59:44Z" duration-ms="3" status="PASS">
          <reporter-output>
          </reporter-output>
        </test-method> <!-- testCase2 -->
        <test-method is-config="true" signature="beforeMethod()[pri:0, instance:AccessModifier.TestNG@489115ef]" started-at="2019-02-05T17:59:44Z" name="beforeMethod" finished-at="2019-02-05T17:59:44Z" duration-ms="0" status="PASS">
          <reporter-output>
          </reporter-output>
        </test-method> <!-- beforeMethod -->
        <test-method is-config="true" signature="afterClass()[pri:0, instance:AccessModifier.TestNG@489115ef]" started-at="2019-02-05T17:59:44Z" name="afterClass" finished-at="2019-02-05T17:59:44Z" duration-ms="0" status="PASS">
          <reporter-output>
          </reporter-output>
        </test-method> <!-- afterClass -->
        <test-method is-config="true" signature="afterMethod()[pri:0, instance:AccessModifier.TestNG@489115ef]" started-at="2019-02-05T17:59:44Z" name="afterMethod" finished-at="2019-02-05T17:59:44Z" duration-ms="0" status="PASS">
          <reporter-output>
          </reporter-output>
        </test-method> <!-- afterMethod -->
        <test-method is-config="true" signature="afterTest()[pri:0, instance:AccessModifier.TestNG@489115ef]" started-at="2019-02-05T17:59:44Z" name="afterTest" finished-at="2019-02-05T17:59:44Z" duration-ms="1" status="PASS">
          <reporter-output>
          </reporter-output>
        </test-method> <!-- afterTest -->
        <test-method is-config="true" signature="afterSuite()[pri:0, instance:AccessModifier.TestNG@489115ef]" started-at="2019-02-05T17:59:44Z" name="afterSuite" finished-at="2019-02-05T17:59:44Z" duration-ms="1" status="PASS">
          <reporter-output>
          </reporter-output>
        </test-method> <!-- afterSuite -->
      </class> <!-- AccessModifier.TestNG -->
    </test> <!-- Default test -->
  </suite> <!-- Default suite -->
</testng-results>
